<?xml version="1.0" encoding="UTF-8"?>
<!-- Generated by org.testng.reporters.JUnitReportReporter -->
<testsuite hostname="TechTeam-Fahim" failures="0" tests="2" name="TestCases.SimpleCases.TestCases1" time="2.852" errors="0" timestamp="2025-04-29T15:04:23 BDT" skipped="1">
  <testcase classname="TestCases.SimpleCases.TestCases1" name="testPass" time="1.355"/>
  <testcase classname="TestCases.SimpleCases.TestCases1" name="testSkip" time="1.497">
    <skipped/>
  </testcase> <!-- testSkip -->
</testsuite> <!-- TestCases.SimpleCases.TestCases1 -->
