<?xml version="1.0" encoding="UTF-8"?>
<!-- Generated by org.testng.reporters.JUnitReportReporter -->
<testsuite hostname="TechTeam-Fahim" failures="0" tests="2" name="TestCases.SimpleCases.TestCases2" time="2.338" errors="0" timestamp="2025-04-29T15:04:23 BDT" skipped="1">
  <testcase classname="TestCases.SimpleCases.TestCases2" name="testPass2" time="1.100"/>
  <testcase classname="TestCases.SimpleCases.TestCases2" name="testSkip3" time="1.238">
    <skipped/>
  </testcase> <!-- testSkip3 -->
</testsuite> <!-- TestCases.SimpleCases.TestCases2 -->
